# JRE version: OpenJDK Runtime Environment (Zulu 8.52.0.23-CA-win64) (8.0_282-b08) (build 1.8.0_282-b08)
# Java VM: OpenJDK 64-Bit Server VM (25.282-b08 mixed mode windows-amd64 compressed oops)
Heap:
 PSYoungGen      total 114688K, used 68105K [0x00000000d5580000, 0x00000000dd180000, 0x0000000100000000)
  eden space 103424K, 59% used [0x00000000d5580000,0x00000000d91c8f38,0x00000000dba80000)
  from space 11264K, 56% used [0x00000000dc680000,0x00000000dccb97b8,0x00000000dd180000)
  to   space 11776K, 0% used [0x00000000dba80000,0x00000000dba80000,0x00000000dc600000)
 ParOldGen       total 94208K, used 8642K [0x0000000080000000, 0x0000000085c00000, 0x00000000d5580000)
  object space 94208K, 9% used [0x0000000080000000,0x00000000808708c8,0x0000000085c00000)
 Metaspace       used 23176K, capacity 23550K, committed 23936K, reserved 1071104K
  class space    used 2540K, capacity 2650K, committed 2688K, reserved 1048576K
GC Heap History (10 events):
Event: 1.651 GC heap before
{Heap before GC invocations=5 (full 0):
 PSYoungGen      total 75264K, used 18006K [0x00000000d5580000, 0x00000000da980000, 0x0000000100000000)
  eden space 64512K, 12% used [0x00000000d5580000,0x00000000d5d22078,0x00000000d9480000)
  from space 10752K, 94% used [0x00000000d9f00000,0x00000000da8f3b80,0x00000000da980000)
  to   space 10752K, 0% used [0x00000000d9480000,0x00000000d9480000,0x00000000d9f00000)
 ParOldGen       total 172032K, used 104K [0x0000000080000000, 0x000000008a800000, 0x00000000d5580000)
  object space 172032K, 0% used [0x0000000080000000,0x000000008001a010,0x000000008a800000)
 Metaspace       used 20755K, capacity 21014K, committed 21296K, reserved 1069056K
  class space    used 2311K, capacity 2425K, committed 2432K, reserved 1048576K
Event: 1.655 GC heap after
Heap after GC invocations=5 (full 0):
 PSYoungGen      total 75264K, used 8726K [0x00000000d5580000, 0x00000000da980000, 0x0000000100000000)
  eden space 64512K, 0% used [0x00000000d5580000,0x00000000d5580000,0x00000000d9480000)
  from space 10752K, 81% used [0x00000000d9480000,0x00000000d9d058c8,0x00000000d9f00000)
  to   space 10752K, 0% used [0x00000000d9f00000,0x00000000d9f00000,0x00000000da980000)
 ParOldGen       total 172032K, used 112K [0x0000000080000000, 0x000000008a800000, 0x00000000d5580000)
  object space 172032K, 0% used [0x0000000080000000,0x000000008001c010,0x000000008a800000)
 Metaspace       used 20755K, capacity 21014K, committed 21296K, reserved 1069056K
  class space    used 2311K, capacity 2425K, committed 2432K, reserved 1048576K
}
Event: 1.655 GC heap before
{Heap before GC invocations=6 (full 1):
 PSYoungGen      total 75264K, used 8726K [0x00000000d5580000, 0x00000000da980000, 0x0000000100000000)
  eden space 64512K, 0% used [0x00000000d5580000,0x00000000d5580000,0x00000000d9480000)
  from space 10752K, 81% used [0x00000000d9480000,0x00000000d9d058c8,0x00000000d9f00000)
  to   space 10752K, 0% used [0x00000000d9f00000,0x00000000d9f00000,0x00000000da980000)
 ParOldGen       total 172032K, used 112K [0x0000000080000000, 0x000000008a800000, 0x00000000d5580000)
  object space 172032K, 0% used [0x0000000080000000,0x000000008001c010,0x000000008a800000)
 Metaspace       used 20755K, capacity 21014K, committed 21296K, reserved 1069056K
  class space    used 2311K, capacity 2425K, committed 2432K, reserved 1048576K
Event: 1.678 GC heap after
Heap after GC invocations=6 (full 1):
 PSYoungGen      total 75264K, used 0K [0x00000000d5580000, 0x00000000da980000, 0x0000000100000000)
  eden space 64512K, 0% used [0x00000000d5580000,0x00000000d5580000,0x00000000d9480000)
  from space 10752K, 0% used [0x00000000d9480000,0x00000000d9480000,0x00000000d9f00000)
  to   space 10752K, 0% used [0x00000000d9f00000,0x00000000d9f00000,0x00000000da980000)
 ParOldGen       total 94208K, used 8618K [0x0000000080000000, 0x0000000085c00000, 0x00000000d5580000)
  object space 94208K, 9% used [0x0000000080000000,0x000000008086a8c8,0x0000000085c00000)
 Metaspace       used 20755K, capacity 21014K, committed 21296K, reserved 1069056K
  class space    used 2311K, capacity 2425K, committed 2432K, reserved 1048576K
}
Event: 1.896 GC heap before
{Heap before GC invocations=7 (full 1):
 PSYoungGen      total 75264K, used 64512K [0x00000000d5580000, 0x00000000da980000, 0x0000000100000000)
  eden space 64512K, 100% used [0x00000000d5580000,0x00000000d9480000,0x00000000d9480000)
  from space 10752K, 0% used [0x00000000d9480000,0x00000000d9480000,0x00000000d9f00000)
  to   space 10752K, 0% used [0x00000000d9f00000,0x00000000d9f00000,0x00000000da980000)
 ParOldGen       total 94208K, used 8618K [0x0000000080000000, 0x0000000085c00000, 0x00000000d5580000)
  object space 94208K, 9% used [0x0000000080000000,0x000000008086a8c8,0x0000000085c00000)
 Metaspace       used 21895K, capacity 22270K, committed 22448K, reserved 1069056K
  class space    used 2415K, capacity 2542K, committed 2560K, reserved 1048576K
Event: 1.899 GC heap after
Heap after GC invocations=7 (full 1):
 PSYoungGen      total 74240K, used 2648K [0x00000000d5580000, 0x00000000dd400000, 0x0000000100000000)
  eden space 63488K, 0% used [0x00000000d5580000,0x00000000d5580000,0x00000000d9380000)
  from space 10752K, 24% used [0x00000000d9f00000,0x00000000da1960e8,0x00000000da980000)
  to   space 11776K, 0% used [0x00000000d9380000,0x00000000d9380000,0x00000000d9f00000)
 ParOldGen       total 94208K, used 8626K [0x0000000080000000, 0x0000000085c00000, 0x00000000d5580000)
  object space 94208K, 9% used [0x0000000080000000,0x000000008086c8c8,0x0000000085c00000)
 Metaspace       used 21895K, capacity 22270K, committed 22448K, reserved 1069056K
  class space    used 2415K, capacity 2542K, committed 2560K, reserved 1048576K
}
Event: 2.032 GC heap before
{Heap before GC invocations=8 (full 1):
 PSYoungGen      total 74240K, used 66136K [0x00000000d5580000, 0x00000000dd400000, 0x0000000100000000)
  eden space 63488K, 100% used [0x00000000d5580000,0x00000000d9380000,0x00000000d9380000)
  from space 10752K, 24% used [0x00000000d9f00000,0x00000000da1960e8,0x00000000da980000)
  to   space 11776K, 0% used [0x00000000d9380000,0x00000000d9380000,0x00000000d9f00000)
 ParOldGen       total 94208K, used 8626K [0x0000000080000000, 0x0000000085c00000, 0x00000000d5580000)
  object space 94208K, 9% used [0x0000000080000000,0x000000008086c8c8,0x0000000085c00000)
 Metaspace       used 22257K, capacity 22622K, committed 23088K, reserved 1069056K
  class space    used 2446K, capacity 2574K, committed 2688K, reserved 1048576K
Event: 2.035 GC heap after
Heap after GC invocations=8 (full 1):
 PSYoungGen      total 75264K, used 2683K [0x00000000d5580000, 0x00000000dd280000, 0x0000000100000000)
  eden space 63488K, 0% used [0x00000000d5580000,0x00000000d5580000,0x00000000d9380000)
  from space 11776K, 22% used [0x00000000d9380000,0x00000000d961ed28,0x00000000d9f00000)
  to   space 12288K, 0% used [0x00000000dc680000,0x00000000dc680000,0x00000000dd280000)
 ParOldGen       total 94208K, used 8634K [0x0000000080000000, 0x0000000085c00000, 0x00000000d5580000)
  object space 94208K, 9% used [0x0000000080000000,0x000000008086e8c8,0x0000000085c00000)
 Metaspace       used 22257K, capacity 22622K, committed 23088K, reserved 1069056K
  class space    used 2446K, capacity 2574K, committed 2688K, reserved 1048576K
}
Event: 2.239 GC heap before
{Heap before GC invocations=9 (full 1):
 PSYoungGen      total 75264K, used 66171K [0x00000000d5580000, 0x00000000dd280000, 0x0000000100000000)
  eden space 63488K, 100% used [0x00000000d5580000,0x00000000d9380000,0x00000000d9380000)
  from space 11776K, 22% used [0x00000000d9380000,0x00000000d961ed28,0x00000000d9f00000)
  to   space 12288K, 0% used [0x00000000dc680000,0x00000000dc680000,0x00000000dd280000)
 ParOldGen       total 94208K, used 8634K [0x0000000080000000, 0x0000000085c00000, 0x00000000d5580000)
  object space 94208K, 9% used [0x0000000080000000,0x000000008086e8c8,0x0000000085c00000)
 Metaspace       used 22926K, capacity 23256K, committed 23680K, reserved 1071104K
  class space    used 2508K, capacity 2616K, committed 2688K, reserved 1048576K
Event: 2.244 GC heap after
Heap after GC invocations=9 (full 1):
 PSYoungGen      total 114688K, used 6373K [0x00000000d5580000, 0x00000000dd180000, 0x0000000100000000)
  eden space 103424K, 0% used [0x00000000d5580000,0x00000000d5580000,0x00000000dba80000)
  from space 11264K, 56% used [0x00000000dc680000,0x00000000dccb97b8,0x00000000dd180000)
  to   space 11776K, 0% used [0x00000000dba80000,0x00000000dba80000,0x00000000dc600000)
 ParOldGen       total 94208K, used 8642K [0x0000000080000000, 0x0000000085c00000, 0x00000000d5580000)
  object space 94208K, 9% used [0x0000000080000000,0x00000000808708c8,0x0000000085c00000)
 Metaspace       used 22926K, capacity 23256K, committed 23680K, reserved 1071104K
  class space    used 2508K, capacity 2616K, committed 2688K, reserved 1048576K
}

